RUN	homeWorkGatling.RecordedSimulationFloodIO	recordedsimulationfloodio	1645376976859	 	3.7.4
USER	RecordedSimulationFloodIO	START	1645376977688
REQUEST		Open Homepage	1645376977705	1645376978528	KO	xpath((xpath[@name='authenticity_token']/@value,Map())).find.exists preparation crashed: Could not parse response into a DOM Document: n.s.s.t.XPathException: org.xml.sax.SAXParseException; lineNumber: 8; columnNumber: 3; The element type "link" must be terminated by the matching end-tag "</link>".
ERROR	Click on Start button: Failed to build request: No attribute named 'authenticity_token' is defined 	1645376981802
REQUEST		Select age from dropdown	1645376984822	1645376985035	KO	xpath((//input[@id='challenger_step_id']/@value,Map())).find.exists preparation crashed: Could not parse response into a DOM Document: n.s.s.t.XPathException: org.xml.sax.SAXParseException; lineNumber: 8; columnNumber: 3; The element type "link" must be terminated by the matching end-tag "</link>".
ERROR	Click on Next after age selection: Failed to build request: No attribute named 'authenticity_token' is defined 	1645376985042
REQUEST		Please select and enter the largest order value below ...	1645376988058	1645376988270	KO	xpath((//input[@id='challenger_step_id']/@value,Map())).find.exists preparation crashed: Could not parse response into a DOM Document: n.s.s.t.XPathException: org.xml.sax.SAXParseException; lineNumber: 8; columnNumber: 3; The element type "link" must be terminated by the matching end-tag "</link>".
ERROR	Click on Next after age max number selection: Failed to build request: No attribute named 'authenticity_token' is defined 	1645376988273
REQUEST		Click next when you're ready.	1645376991282	1645376991486	KO	xpath((//input[@id='challenger_step_id']/@value,Map())).find.exists preparation crashed: Could not parse response into a DOM Document: n.s.s.t.XPathException: org.xml.sax.SAXParseException; lineNumber: 8; columnNumber: 3; The element type "link" must be terminated by the matching end-tag "</link>".
ERROR	Just clicking on Next: Failed to build request: No attribute named 'authenticity_token' is defined 	1645376991489
REQUEST		Please enter your one time token displayed above ...	1645376994505	1645376994711	KO	xpath((//input[@id='challenger_step_id']/@value,Map())).find.exists preparation crashed: Could not parse response into a DOM Document: n.s.s.t.XPathException: org.xml.sax.SAXParseException; lineNumber: 8; columnNumber: 3; The element type "link" must be terminated by the matching end-tag "</link>".
ERROR	Click on Next after token entering: Failed to build request: No attribute named 'authenticity_token' is defined 	1645376994714
REQUEST		Done page	1645376994714	1645376994922	KO	xpath((//input[@id='challenger_step_id']/@value,Map())).find.exists preparation crashed: Could not parse response into a DOM Document: n.s.s.t.XPathException: org.xml.sax.SAXParseException; lineNumber: 8; columnNumber: 3; The element type "link" must be terminated by the matching end-tag "</link>".
USER	RecordedSimulationFloodIO	END	1645376994931
